<?xml version="1.0" encoding="UTF-8"?>
<testng-results ignored="0" total="1" passed="1" failed="0" skipped="0">
  <reporter-output>
  </reporter-output>
  <suite started-at="2024-08-04T11:31:23 IST" name="Default suite" finished-at="2024-08-04T11:34:52 IST" duration-ms="208867">
    <groups>
    </groups>
    <test started-at="2024-08-04T11:31:23 IST" name="Default test" finished-at="2024-08-04T11:34:52 IST" duration-ms="208867">
      <class name="test.wpjobtest">
        <test-method is-config="true" signature="setup()[pri:0, instance:test.wpjobtest@27462a88]" started-at="2024-08-04T11:31:23 IST" name="setup" finished-at="2024-08-04T11:33:46 IST" duration-ms="143072" status="PASS">
          <reporter-output>
          </reporter-output>
        </test-method> <!-- setup -->
        <test-method signature="test1()[pri:0, instance:test.wpjobtest@27462a88]" started-at="2024-08-04T11:33:46 IST" name="test1" finished-at="2024-08-04T11:34:52 IST" duration-ms="65581" status="PASS">
          <reporter-output>
          </reporter-output>
        </test-method> <!-- test1 -->
      </class> <!-- test.wpjobtest -->
    </test> <!-- Default test -->
  </suite> <!-- Default suite -->
</testng-results>
